Removed Member From Class: ClassName=7-SEGMENT_DISPLAY_4_DIGITS Member=TP1
Change Component Designator: OldDesignator=D1 NewDesignator=D3
Change Component Designator: OldDesignator=D2 NewDesignator=D4
Change Component Designator: OldDesignator=D3 NewDesignator=D5
Change Component Designator: OldDesignator=D4 NewDesignator=D6
Change Component Designator: OldDesignator=D5 NewDesignator=D1
Change Component Designator: OldDesignator=D6 NewDesignator=D2
Change Component Designator: OldDesignator=R1 NewDesignator=R4
Change Component Designator: OldDesignator=R2 NewDesignator=R5
Change Component Designator: OldDesignator=R3 NewDesignator=R6
Change Component Designator: OldDesignator=R4 NewDesignator=R7
Change Component Designator: OldDesignator=R5 NewDesignator=R8
Change Component Designator: OldDesignator=R6 NewDesignator=R9
Change Component Designator: OldDesignator=R7 NewDesignator=R10
Change Component Designator: OldDesignator=R8 NewDesignator=R11
Change Component Designator: OldDesignator=R9 NewDesignator=R12
Change Component Designator: OldDesignator=R10 NewDesignator=R13
Change Component Designator: OldDesignator=R11 NewDesignator=R14
Change Component Designator: OldDesignator=R12 NewDesignator=R15
Change Component Designator: OldDesignator=R13 NewDesignator=R16
Change Component Designator: OldDesignator=R14 NewDesignator=R17
Change Component Designator: OldDesignator=R15 NewDesignator=R18
Change Component Designator: OldDesignator=R16 NewDesignator=R19
Change Component Designator: OldDesignator=R17 NewDesignator=R20
Change Component Designator: OldDesignator=R18 NewDesignator=R21
Change Component Designator: OldDesignator=R19 NewDesignator=R22
Change Component Designator: OldDesignator=R20 NewDesignator=R23
Change Component Designator: OldDesignator=R21 NewDesignator=R24
Change Component Designator: OldDesignator=R22 NewDesignator=R25
Change Component Designator: OldDesignator=R23 NewDesignator=R26
Change Component Designator: OldDesignator=R24 NewDesignator=R27
Change Component Designator: OldDesignator=R25 NewDesignator=R28
Change Component Designator: OldDesignator=R26 NewDesignator=R29
Change Component Designator: OldDesignator=R27 NewDesignator=R30
Change Component Designator: OldDesignator=R28 NewDesignator=R31
Change Component Designator: OldDesignator=R31 NewDesignator=R33
Change Component Designator: OldDesignator=R32 NewDesignator=R34
Change Component Designator: OldDesignator=R33 NewDesignator=R35
Change Component Designator: OldDesignator=R34 NewDesignator=R36
Change Component Designator: OldDesignator=R35 NewDesignator=R37
Change Component Designator: OldDesignator=R36 NewDesignator=R38
Change Component Designator: OldDesignator=R37 NewDesignator=R39
Change Component Designator: OldDesignator=R38 NewDesignator=R40
Added Component: Designator=C1(CP1/2)
Add component (AddParameter): Name = "Value"; Value = "4.7uF"; VariantName = "[No Variations]"
Added Component: Designator=IC1(DIP8/W0.3)
Add component (AddParameter): Name = "Value"; Value = "LM555"; VariantName = "[No Variations]"
Added Component: Designator=R1(RES-SM-0805)
Add component (AddParameter): Name = "Value"; Value = "1K"; VariantName = "[No Variations]"
Added Component: Designator=R2(RES-SM-0603)
Add component (AddParameter): Name = "Value"; Value = "1K"; VariantName = "[No Variations]"
Added Component: Designator=R3(RES-SM-0603)
Add component (AddParameter): Name = "Value"; Value = "470K"; VariantName = "[No Variations]"
Added Component: Designator=R32(RES-SM-0603)
Add component (AddParameter): Name = "Value"; Value = "1K"; VariantName = "[No Variations]"
Added Pin To Net: NetName=GND Pin=C1-2
Added Pin To Net: NetName=GND Pin=IC1-1
Added Pin To Net: NetName=+5 Pin=IC1-4
Added Pin To Net: NetName=+5 Pin=IC1-8
Added Pin To Net: NetName=+5 Pin=R1-2
Change Net Name : Old Net Name=NetD1_2 New Net Name=NetD3_2
Change Net Name : Old Net Name=NetD1_3 New Net Name=NetD3_3
Change Net Name : Old Net Name=NetD1_4 New Net Name=NetD3_4
Change Net Name : Old Net Name=NetD1_6 New Net Name=NetD3_6
Change Net Name : Old Net Name=NetD1_7 New Net Name=NetD3_7
Change Net Name : Old Net Name=NetD1_9 New Net Name=NetD3_9
Change Net Name : Old Net Name=NetD1_10 New Net Name=NetD3_10
Change Net Name : Old Net Name=NetD2_2 New Net Name=NetD4_2
Change Net Name : Old Net Name=NetD2_3 New Net Name=NetD4_3
Change Net Name : Old Net Name=NetD2_4 New Net Name=NetD4_4
Change Net Name : Old Net Name=NetD2_6 New Net Name=NetD4_6
Change Net Name : Old Net Name=NetD2_7 New Net Name=NetD4_7
Change Net Name : Old Net Name=NetD2_9 New Net Name=NetD4_9
Change Net Name : Old Net Name=NetD2_10 New Net Name=NetD4_10
Change Net Name : Old Net Name=NetD3_2 New Net Name=NetD5_2
Change Net Name : Old Net Name=NetD3_3 New Net Name=NetD5_3
Change Net Name : Old Net Name=NetD3_4 New Net Name=NetD5_4
Change Net Name : Old Net Name=NetD3_6 New Net Name=NetD5_6
Change Net Name : Old Net Name=NetD3_7 New Net Name=NetD5_7
Change Net Name : Old Net Name=NetD3_9 New Net Name=NetD5_9
Change Net Name : Old Net Name=NetD3_10 New Net Name=NetD5_10
Change Net Name : Old Net Name=NetD4_2 New Net Name=NetD6_2
Change Net Name : Old Net Name=NetD4_3 New Net Name=NetD6_3
Change Net Name : Old Net Name=NetD4_4 New Net Name=NetD6_4
Change Net Name : Old Net Name=NetD4_6 New Net Name=NetD6_6
Change Net Name : Old Net Name=NetD4_7 New Net Name=NetD6_7
Change Net Name : Old Net Name=NetD4_9 New Net Name=NetD6_9
Change Net Name : Old Net Name=NetD4_10 New Net Name=NetD6_10
Change Net Name : Old Net Name=NetR1_2 New Net Name=NetR4_2
Change Net Name : Old Net Name=NetR2_2 New Net Name=NetR5_2
Change Net Name : Old Net Name=NetR3_2 New Net Name=NetR6_2
Change Net Name : Old Net Name=NetR4_2 New Net Name=NetR7_2
Change Net Name : Old Net Name=NetR5_2 New Net Name=NetR8_2
Change Net Name : Old Net Name=NetR6_2 New Net Name=NetR9_2
Change Net Name : Old Net Name=NetR7_2 New Net Name=NetR10_2
Change Net Name : Old Net Name=NetR8_2 New Net Name=NetR11_2
Change Net Name : Old Net Name=NetR9_2 New Net Name=NetR12_2
Change Net Name : Old Net Name=NetR10_2 New Net Name=NetR13_2
Change Net Name : Old Net Name=NetR11_2 New Net Name=NetR14_2
Change Net Name : Old Net Name=NetR12_2 New Net Name=NetR15_2
Change Net Name : Old Net Name=NetR13_2 New Net Name=NetR16_2
Change Net Name : Old Net Name=NetR14_2 New Net Name=NetR17_2
Change Net Name : Old Net Name=NetR15_2 New Net Name=NetR18_2
Change Net Name : Old Net Name=NetR16_2 New Net Name=NetR19_2
Change Net Name : Old Net Name=NetR17_2 New Net Name=NetR20_2
Change Net Name : Old Net Name=NetR18_2 New Net Name=NetR21_2
Change Net Name : Old Net Name=NetR19_2 New Net Name=NetR22_2
Change Net Name : Old Net Name=NetR20_2 New Net Name=NetR23_2
Change Net Name : Old Net Name=NetR21_2 New Net Name=NetR24_2
Change Net Name : Old Net Name=NetR22_2 New Net Name=NetR25_2
Change Net Name : Old Net Name=NetR23_2 New Net Name=NetR26_2
Change Net Name : Old Net Name=NetR24_2 New Net Name=NetR27_2
Change Net Name : Old Net Name=NetR25_2 New Net Name=NetR28_2
Change Net Name : Old Net Name=NetR26_2 New Net Name=NetR29_2
Change Net Name : Old Net Name=NetR27_2 New Net Name=NetR30_2
Change Net Name : Old Net Name=NetR28_2 New Net Name=NetR31_2
Added Pin To Net: NetName=NetC1_1 Pin=C1-1
Added Pin To Net: NetName=NetC1_1 Pin=IC1-2
Added Pin To Net: NetName=NetC1_1 Pin=IC1-6
Added Pin To Net: NetName=NetC1_1 Pin=R3-1
Added Net: Name=NetC1_1
Added Pin To Net: NetName=NetD1_1 Pin=D1-1
Added Pin To Net: NetName=NetD1_1 Pin=R2-2
Added Net: Name=NetD1_1
Added Pin To Net: NetName=NetD2_1 Pin=D2-1
Added Pin To Net: NetName=NetD2_1 Pin=R32-2
Added Net: Name=NetD2_1
Added Pin To Net: NetName=NetIC1_3 Pin=IC1-3
Added Pin To Net: NetName=NetIC1_3 Pin=R2-1
Added Pin To Net: NetName=NetIC1_3 Pin=R32-1
Added Net: Name=NetIC1_3
Added Pin To Net: NetName=NetIC1_7 Pin=IC1-7
Added Pin To Net: NetName=NetIC1_7 Pin=R1-1
Added Pin To Net: NetName=NetIC1_7 Pin=R3-2
Added Net: Name=NetIC1_7
Added Member To Class: ClassName=7-SEGMENT_DISPLAY_4_DIGITS Member=Component C1 Cap Pol
Added Member To Class: ClassName=7-SEGMENT_DISPLAY_4_DIGITS Member=Component IC1 LM555
Added Member To Class: ClassName=7-SEGMENT_DISPLAY_4_DIGITS Member=Component R39 RESISTOR SMD
Added Member To Class: ClassName=7-SEGMENT_DISPLAY_4_DIGITS Member=Component R40 RESISTOR SMD
