Removed Pin From Net: NetName=DIGIT1 Pin=H1-1
Removed Pin From Net: NetName=DIGIT2 Pin=H1-2
Removed Pin From Net: NetName=DIGIT3 Pin=H1-3
Removed Pin From Net: NetName=DIGIT4 Pin=H1-4
Change Component Footprint: Designator=H1 Old Footprint=HEADER CLOCK New Footprint=LO KHOAN 3MM
Change Component Comment : Designator=H1 Old Comment=HEADER CLOCK 4 New Comment=Hole
Added Component: Designator=H2(LO KHOAN 3MM)
Added Component: Designator=H3(LO KHOAN 3MM)
Added Component: Designator=H4(LO KHOAN 3MM)
Added Component: Designator=P3(JP4)
Add component (AddParameter): Name = "LatestRevisionDate"; Value = "17-Jul-2002"; VariantName = "[No Variations]"
Add component (AddParameter): Name = "LatestRevisionNote"; Value = "Re-released for DXP Platform."; VariantName = "[No Variations]"
Add component (AddParameter): Name = "Publisher"; Value = "Altium Limited"; VariantName = "[No Variations]"
Added Pin To Net: NetName=DIGIT1 Pin=P3-1
Added Pin To Net: NetName=DIGIT2 Pin=P3-2
Added Pin To Net: NetName=DIGIT3 Pin=P3-3
Added Pin To Net: NetName=DIGIT4 Pin=P3-4
Added Member To Class: ClassName=7-SEGMENT_DISPLAY_4_DIGITS Member=Component H2 Hole
Added Member To Class: ClassName=7-SEGMENT_DISPLAY_4_DIGITS Member=Component H3 Hole
Added Member To Class: ClassName=7-SEGMENT_DISPLAY_4_DIGITS Member=Component H4 Hole
Added Member To Class: ClassName=7-SEGMENT_DISPLAY_4_DIGITS Member=Component P3 Header 4
