Removed Pin From Net: NetName=+5 Pin=Q2-1
Removed Pin From Net: NetName=+5 Pin=Q3-1
Removed Pin From Net: NetName=+5 Pin=Q4-1
Removed Pin From Net: NetName=+5 Pin=Q5-1
Removed Pin From Net: NetName=+5 Pin=Q6-1
Removed Pin From Net: NetName=+5 Pin=Q7-1
Removed Pin From Net: NetName=+5 Pin=Q8-1
Change Component Footprint: Designator=Q1 Old Footprint=QTO-92 New Footprint=BS170
Change Component Footprint: Designator=Q2 Old Footprint=QTO-92 New Footprint=BS170
Change Component Footprint: Designator=Q3 Old Footprint=QTO-92 New Footprint=BS170
Change Component Footprint: Designator=Q4 Old Footprint=QTO-92 New Footprint=BS170
Change Component Footprint: Designator=Q5 Old Footprint=QTO-92 New Footprint=BS170
Change Component Footprint: Designator=Q6 Old Footprint=QTO-92 New Footprint=BS170
Change Component Footprint: Designator=Q7 Old Footprint=QTO-92 New Footprint=BS170
Change Component Footprint: Designator=Q8 Old Footprint=QTO-92 New Footprint=BS170
Change Component Comment : Designator=Q1 Old Comment=A1015 New Comment=BS170
Change Component Comment : Designator=Q2 Old Comment=A1015 New Comment=BS170
Change Component Comment : Designator=Q3 Old Comment=A1015 New Comment=BS170
Change Component Comment : Designator=Q4 Old Comment=A1015 New Comment=BS170
Change Component Comment : Designator=Q5 Old Comment=A1015 New Comment=BS170
Change Component Comment : Designator=Q6 Old Comment=A1015 New Comment=BS170
Change Component Comment : Designator=Q7 Old Comment=A1015 New Comment=BS170
Change Component Comment : Designator=Q8 Old Comment=A1015 New Comment=BS170
Added Component: Designator=R2(RES 1/2W)
Add component (AddParameter): Name = "Value"; Value = "100"; VariantName = "[No Variations]"
Added Component: Designator=R3(RES 1/2W)
Add component (AddParameter): Name = "Value"; Value = "100"; VariantName = "[No Variations]"
Added Component: Designator=R4(RES 1/2W)
Add component (AddParameter): Name = "Value"; Value = "100"; VariantName = "[No Variations]"
Added Component: Designator=R5(RES 1/2W)
Add component (AddParameter): Name = "Value"; Value = "100"; VariantName = "[No Variations]"
Added Component: Designator=R6(RES 1/2W)
Add component (AddParameter): Name = "Value"; Value = "100"; VariantName = "[No Variations]"
Added Component: Designator=R7(RES 1/2W)
Add component (AddParameter): Name = "Value"; Value = "100"; VariantName = "[No Variations]"
Added Component: Designator=R8(RES 1/2W)
Add component (AddParameter): Name = "Value"; Value = "100"; VariantName = "[No Variations]"
Added Pin To Net: NetName=+5 Pin=R2-1
Added Pin To Net: NetName=+5 Pin=R3-1
Added Pin To Net: NetName=+5 Pin=R4-1
Added Pin To Net: NetName=+5 Pin=R5-1
Added Pin To Net: NetName=+5 Pin=R6-1
Added Pin To Net: NetName=+5 Pin=R7-1
Added Pin To Net: NetName=+5 Pin=R8-1
Added Pin To Net: NetName=NetQ2_1 Pin=Q2-1
Added Pin To Net: NetName=NetQ2_1 Pin=R2-2
Added Net: Name=NetQ2_1
Added Pin To Net: NetName=NetQ3_1 Pin=Q3-1
Added Pin To Net: NetName=NetQ3_1 Pin=R3-2
Added Net: Name=NetQ3_1
Added Pin To Net: NetName=NetQ4_1 Pin=Q4-1
Added Pin To Net: NetName=NetQ4_1 Pin=R4-2
Added Net: Name=NetQ4_1
Added Pin To Net: NetName=NetQ5_1 Pin=Q5-1
Added Pin To Net: NetName=NetQ5_1 Pin=R5-2
Added Net: Name=NetQ5_1
Added Pin To Net: NetName=NetQ6_1 Pin=Q6-1
Added Pin To Net: NetName=NetQ6_1 Pin=R6-2
Added Net: Name=NetQ6_1
Added Pin To Net: NetName=NetQ7_1 Pin=Q7-1
Added Pin To Net: NetName=NetQ7_1 Pin=R7-2
Added Net: Name=NetQ7_1
Added Pin To Net: NetName=NetQ8_1 Pin=Q8-1
Added Pin To Net: NetName=NetQ8_1 Pin=R8-2
Added Net: Name=NetQ8_1
Added Member To Class: ClassName=7-SEGMENT_DISPLAY_4_DIGITS Member=Component R2 RESISTOR
Added Member To Class: ClassName=7-SEGMENT_DISPLAY_4_DIGITS Member=Component R3 RESISTOR
Added Member To Class: ClassName=7-SEGMENT_DISPLAY_4_DIGITS Member=Component R4 RESISTOR
Added Member To Class: ClassName=7-SEGMENT_DISPLAY_4_DIGITS Member=Component R5 RESISTOR
Added Member To Class: ClassName=7-SEGMENT_DISPLAY_4_DIGITS Member=Component R6 RESISTOR
Added Member To Class: ClassName=7-SEGMENT_DISPLAY_4_DIGITS Member=Component R7 RESISTOR
Added Member To Class: ClassName=7-SEGMENT_DISPLAY_4_DIGITS Member=Component R8 RESISTOR
