Added Component: Designator=D1(7-SEGMENT DISPLAY)
Added Component: Designator=D2(7-SEGMENT DISPLAY)
Added Component: Designator=D3(7-SEGMENT DISPLAY)
Added Component: Designator=D4(7-SEGMENT DISPLAY)
Added Pin To Net: NetName=DIGIT4 Pin=D1-1
Added Pin To Net: NetName=NetD1_2 Pin=D1-2
Added Pin To Net: NetName=NetD1_3 Pin=D1-3
Added Pin To Net: NetName=NetD1_4 Pin=D1-4
Added Pin To Net: NetName=DIGIT4 Pin=D1-5
Added Pin To Net: NetName=NetD1_6 Pin=D1-6
Added Pin To Net: NetName=NetD1_7 Pin=D1-7
Added Pin To Net: NetName=NetD1_8 Pin=D1-8
Added Pin To Net: NetName=NetD1_9 Pin=D1-9
Added Pin To Net: NetName=NetD1_10 Pin=D1-10
Added Pin To Net: NetName=DIGIT3 Pin=D2-1
Added Pin To Net: NetName=NetD1_2 Pin=D2-2
Added Pin To Net: NetName=NetD1_3 Pin=D2-3
Added Pin To Net: NetName=NetD1_4 Pin=D2-4
Added Pin To Net: NetName=DIGIT3 Pin=D2-5
Added Pin To Net: NetName=NetD1_6 Pin=D2-6
Added Pin To Net: NetName=NetD1_7 Pin=D2-7
Added Pin To Net: NetName=NetD1_8 Pin=D2-8
Added Pin To Net: NetName=NetD1_9 Pin=D2-9
Added Pin To Net: NetName=NetD1_10 Pin=D2-10
Added Pin To Net: NetName=DIGIT2 Pin=D3-1
Added Pin To Net: NetName=NetD1_2 Pin=D3-2
Added Pin To Net: NetName=NetD1_3 Pin=D3-3
Added Pin To Net: NetName=NetD1_4 Pin=D3-4
Added Pin To Net: NetName=DIGIT2 Pin=D3-5
Added Pin To Net: NetName=NetD1_6 Pin=D3-6
Added Pin To Net: NetName=NetD1_7 Pin=D3-7
Added Pin To Net: NetName=NetD1_8 Pin=D3-8
Added Pin To Net: NetName=NetD1_9 Pin=D3-9
Added Pin To Net: NetName=NetD1_10 Pin=D3-10
Added Pin To Net: NetName=DIGIT1 Pin=D4-1
Added Pin To Net: NetName=NetD1_2 Pin=D4-2
Added Pin To Net: NetName=NetD1_3 Pin=D4-3
Added Pin To Net: NetName=NetD1_4 Pin=D4-4
Added Pin To Net: NetName=DIGIT1 Pin=D4-5
Added Pin To Net: NetName=NetD1_6 Pin=D4-6
Added Pin To Net: NetName=NetD1_7 Pin=D4-7
Added Pin To Net: NetName=NetD1_8 Pin=D4-8
Added Pin To Net: NetName=NetD1_9 Pin=D4-9
Added Pin To Net: NetName=NetD1_10 Pin=D4-10
Added Member To Class: ClassName=7-SEGMENT_DISPLAY_4_DIGITS Member=Component D1 7-SEGMENT DISPLAY
Added Member To Class: ClassName=7-SEGMENT_DISPLAY_4_DIGITS Member=Component D2 7-SEGMENT DISPLAY
Added Member To Class: ClassName=7-SEGMENT_DISPLAY_4_DIGITS Member=Component D3 7-SEGMENT DISPLAY
Added Member To Class: ClassName=7-SEGMENT_DISPLAY_4_DIGITS Member=Component D4 7-SEGMENT DISPLAY
Added Room: Name=7-SEGMENT_DISPLAY_4_DIGITS
