Change Physical Footprint: Designator=D1 Old Footprint=7-SEGMENT DISPLAY New Footprint=7-SEGMENT DISPLAY
Change Physical Footprint: Designator=D2 Old Footprint=7-SEGMENT DISPLAY New Footprint=7-SEGMENT DISPLAY
Change Physical Footprint: Designator=D3 Old Footprint=7-SEGMENT DISPLAY New Footprint=7-SEGMENT DISPLAY
Change Physical Footprint: Designator=D4 Old Footprint=7-SEGMENT DISPLAY New Footprint=7-SEGMENT DISPLAY
Change Physical Footprint: Designator=H1 Old Footprint=HEADER CLOCK 8 New Footprint=HEADER CLOCK 8
Change Physical Footprint: Designator=H2 Old Footprint=HEADER CLOCK New Footprint=HEADER CLOCK
Change Physical Footprint: Designator=Q1 Old Footprint=QTO-92 New Footprint=QTO-92
Change Physical Footprint: Designator=Q2 Old Footprint=QTO-92 New Footprint=QTO-92
Change Physical Footprint: Designator=Q3 Old Footprint=QTO-92 New Footprint=QTO-92
Change Physical Footprint: Designator=Q4 Old Footprint=QTO-92 New Footprint=QTO-92
Change Physical Footprint: Designator=Q5 Old Footprint=QTO-92 New Footprint=QTO-92
Change Physical Footprint: Designator=Q6 Old Footprint=QTO-92 New Footprint=QTO-92
Change Physical Footprint: Designator=Q7 Old Footprint=QTO-92 New Footprint=QTO-92
Change Physical Footprint: Designator=Q8 Old Footprint=QTO-92 New Footprint=QTO-92
Change Physical Footprint: Designator=R1 Old Footprint=RES 1/2W New Footprint=RES 1/2W
Change Physical Footprint: Designator=R2 Old Footprint=RES 1/2W New Footprint=RES 1/2W
Change Physical Footprint: Designator=R3 Old Footprint=RES 1/2W New Footprint=RES 1/2W
Change Physical Footprint: Designator=R4 Old Footprint=RES 1/2W New Footprint=RES 1/2W
Change Physical Footprint: Designator=R5 Old Footprint=RES 1/2W New Footprint=RES 1/2W
Change Physical Footprint: Designator=R6 Old Footprint=RES 1/2W New Footprint=RES 1/2W
Change Physical Footprint: Designator=R7 Old Footprint=RES 1/2W New Footprint=RES 1/2W
Change Physical Footprint: Designator=R8 Old Footprint=RES 1/2W New Footprint=RES 1/2W
Change Physical Footprint: Designator=R9 Old Footprint=RES 1/2W New Footprint=RES 1/2W
Change Physical Footprint: Designator=R10 Old Footprint=RES 1/2W New Footprint=RES 1/2W
Change Physical Footprint: Designator=R11 Old Footprint=RES 1/2W New Footprint=RES 1/2W
Change Physical Footprint: Designator=R12 Old Footprint=RES 1/2W New Footprint=RES 1/2W
Change Physical Footprint: Designator=R13 Old Footprint=RES 1/2W New Footprint=RES 1/2W
Change Physical Footprint: Designator=R14 Old Footprint=RES 1/2W New Footprint=RES 1/2W
Change Physical Footprint: Designator=R15 Old Footprint=RES 1/2W New Footprint=RES 1/2W
Change Physical Footprint: Designator=R16 Old Footprint=RES 1/2W New Footprint=RES 1/2W
