Change Component Footprint: Designator=P1 Old Footprint=JP8 New Footprint=JP4
Change Component Comment : Designator=P1 Old Comment=Header 8 New Comment=Header 4
Added Component: Designator=P2(JP5)
Add component (AddParameter): Name = "LatestRevisionDate"; Value = "17-Jul-2002"; VariantName = "[No Variations]"
Add component (AddParameter): Name = "LatestRevisionNote"; Value = "Re-released for DXP Platform."; VariantName = "[No Variations]"
Add component (AddParameter): Name = "Publisher"; Value = "Altium Limited"; VariantName = "[No Variations]"
Added Pin To Net: NetName=+5 Pin=P2-5
Added Pin To Net: NetName=NetP2_1 Pin=P2-1
Added Pin To Net: NetName=NetP2_1 Pin=R13-2
Added Net: Name=NetP2_1
Added Pin To Net: NetName=NetP2_2 Pin=P2-2
Added Pin To Net: NetName=NetP2_2 Pin=R14-2
Added Net: Name=NetP2_2
Added Pin To Net: NetName=NetP2_3 Pin=P2-3
Added Pin To Net: NetName=NetP2_3 Pin=R15-2
Added Net: Name=NetP2_3
Added Pin To Net: NetName=NetP2_4 Pin=P2-4
Added Pin To Net: NetName=NetP2_4 Pin=R16-2
Added Net: Name=NetP2_4
Added Member To Class: ClassName=7-SEGMENT_DISPLAY_4_DIGITS Member=Component H1 HEADER CLOCK 4
Added Member To Class: ClassName=7-SEGMENT_DISPLAY_4_DIGITS Member=Component P2 Header 5
