Removed Pin From Net: NetName=NetD1_8 Pin=Q1-1
Removed Pin From Net: NetName=NetD1_10 Pin=Q2-1
Removed Pin From Net: NetName=NetD1_9 Pin=Q3-1
Removed Pin From Net: NetName=NetD1_2 Pin=Q4-1
Removed Pin From Net: NetName=NetD1_3 Pin=Q5-1
Removed Pin From Net: NetName=NetD1_4 Pin=Q6-1
Removed Pin From Net: NetName=NetD1_6 Pin=Q7-1
Removed Pin From Net: NetName=NetD1_7 Pin=Q8-1
Removed Pin From Net: NetName=+5 Pin=R2-2
Removed Pin From Net: NetName=+5 Pin=R3-2
Removed Pin From Net: NetName=+5 Pin=R4-2
Removed Pin From Net: NetName=+5 Pin=R5-2
Removed Pin From Net: NetName=+5 Pin=R6-2
Removed Pin From Net: NetName=+5 Pin=R7-2
Removed Pin From Net: NetName=+5 Pin=R8-2
Removed Member From Class: ClassName=7-SEGMENT_DISPLAY_4_DIGITS Member=R2
Removed Member From Class: ClassName=7-SEGMENT_DISPLAY_4_DIGITS Member=R3
Removed Member From Class: ClassName=7-SEGMENT_DISPLAY_4_DIGITS Member=R4
Removed Member From Class: ClassName=7-SEGMENT_DISPLAY_4_DIGITS Member=R5
Removed Member From Class: ClassName=7-SEGMENT_DISPLAY_4_DIGITS Member=R6
Removed Member From Class: ClassName=7-SEGMENT_DISPLAY_4_DIGITS Member=R7
Removed Member From Class: ClassName=7-SEGMENT_DISPLAY_4_DIGITS Member=R8
Change Component Comment : Designator=Q1 Old Comment=C1815 New Comment=A1015
Change Component Comment : Designator=Q2 Old Comment=C1815 New Comment=A1015
Change Component Comment : Designator=Q3 Old Comment=C1815 New Comment=A1015
Change Component Comment : Designator=Q4 Old Comment=C1815 New Comment=A1015
Change Component Comment : Designator=Q5 Old Comment=C1815 New Comment=A1015
Change Component Comment : Designator=Q6 Old Comment=C1815 New Comment=A1015
Change Component Comment : Designator=Q7 Old Comment=C1815 New Comment=A1015
Change Component Comment : Designator=Q8 Old Comment=C1815 New Comment=A1015
Change component parameters: Designator = "R1" ("R1"); Footprint = "RES 1/2W"; UniqueID = "\HNDLACST" ("\HNDLACST")
Change component parameters (AddParameter): Name = "Value"; Value = "150"; VariantName = "[No Variations]"
Change component parameters: Designator = "R9" ("R9"); Footprint = "RES 1/2W"; UniqueID = "\KEJBUIZR" ("\KEJBUIZR")
Change component parameters (AddParameter): Name = "Value"; Value = "1K"; VariantName = "[No Variations]"
Change component parameters: Designator = "R10" ("R10"); Footprint = "RES 1/2W"; UniqueID = "\QHCVFMBP" ("\QHCVFMBP")
Change component parameters (AddParameter): Name = "Value"; Value = "1K"; VariantName = "[No Variations]"
Change component parameters: Designator = "R11" ("R11"); Footprint = "RES 1/2W"; UniqueID = "\RXIRKDPJ" ("\RXIRKDPJ")
Change component parameters (AddParameter): Name = "Value"; Value = "1K"; VariantName = "[No Variations]"
Change component parameters: Designator = "R12" ("R12"); Footprint = "RES 1/2W"; UniqueID = "\AFHDLYCJ" ("\AFHDLYCJ")
Change component parameters (AddParameter): Name = "Value"; Value = "1K"; VariantName = "[No Variations]"
Change component parameters: Designator = "R13" ("R13"); Footprint = "RES 1/2W"; UniqueID = "\ONUCJSEC" ("\ONUCJSEC")
Change component parameters (AddParameter): Name = "Value"; Value = "1K"; VariantName = "[No Variations]"
Change component parameters: Designator = "R14" ("R14"); Footprint = "RES 1/2W"; UniqueID = "\CAGVERIA" ("\CAGVERIA")
Change component parameters (AddParameter): Name = "Value"; Value = "1K"; VariantName = "[No Variations]"
Change component parameters: Designator = "R15" ("R15"); Footprint = "RES 1/2W"; UniqueID = "\ILRMFQRT" ("\ILRMFQRT")
Change component parameters (AddParameter): Name = "Value"; Value = "1K"; VariantName = "[No Variations]"
Change component parameters: Designator = "R16" ("R16"); Footprint = "RES 1/2W"; UniqueID = "\ZTFCMGUQ" ("\ZTFCMGUQ")
Change component parameters (AddParameter): Name = "Value"; Value = "1K"; VariantName = "[No Variations]"
Added Pin To Net: NetName=NetD1_8 Pin=Q1-2
Added Pin To Net: NetName=+5 Pin=Q2-1
Added Pin To Net: NetName=NetD1_10 Pin=Q2-2
Added Pin To Net: NetName=+5 Pin=Q3-1
Added Pin To Net: NetName=NetD1_9 Pin=Q3-2
Added Pin To Net: NetName=+5 Pin=Q4-1
Added Pin To Net: NetName=NetD1_2 Pin=Q4-2
Added Pin To Net: NetName=+5 Pin=Q5-1
Added Pin To Net: NetName=NetD1_3 Pin=Q5-2
Added Pin To Net: NetName=+5 Pin=Q6-1
Added Pin To Net: NetName=NetD1_4 Pin=Q6-2
Added Pin To Net: NetName=+5 Pin=Q7-1
Added Pin To Net: NetName=NetD1_6 Pin=Q7-2
Added Pin To Net: NetName=+5 Pin=Q8-1
Added Pin To Net: NetName=NetD1_7 Pin=Q8-2
Added Pin To Net: NetName=NetQ1_1 Pin=Q1-1
Added Pin To Net: NetName=NetQ1_1 Pin=R1-1
Added Net: Name=NetQ1_1
