Change Physical Footprint: Designator=C1 Old Footprint=CP1/2 New Footprint=CP1/2
Change Physical Footprint: Designator=D1 Old Footprint=LED-3mm New Footprint=LED-3mm
Change Physical Footprint: Designator=D2 Old Footprint=LED-3mm New Footprint=LED-3mm
Change Physical Footprint: Designator=D3 Old Footprint=7-SEGMENT New Footprint=7-SEGMENT
Change Physical Footprint: Designator=D4 Old Footprint=7-SEGMENT New Footprint=7-SEGMENT
Change Physical Footprint: Designator=D5 Old Footprint=7-SEGMENT New Footprint=7-SEGMENT
Change Physical Footprint: Designator=D6 Old Footprint=7-SEGMENT New Footprint=7-SEGMENT
Change Physical Footprint: Designator=D7 Old Footprint=SS34 New Footprint=SS34
Change Physical Footprint: Designator=H1 Old Footprint=LO KHOAN 3MM New Footprint=LO KHOAN 3MM
Change Physical Footprint: Designator=H2 Old Footprint=LO KHOAN 3MM New Footprint=LO KHOAN 3MM
Change Physical Footprint: Designator=H3 Old Footprint=LO KHOAN 3MM New Footprint=LO KHOAN 3MM
Change Physical Footprint: Designator=H4 Old Footprint=LO KHOAN 3MM New Footprint=LO KHOAN 3MM
Change Physical Footprint: Designator=IC1 Old Footprint=DIP8/W0.3 New Footprint=DIP8/W0.3
Change Physical Footprint: Designator=JDC1 Old Footprint=DC-IN New Footprint=DC-IN
Change Physical Footprint: Designator=LOGO1 Old Footprint=PIF LOGO BIG TOP New Footprint=PIF LOGO BIG TOP
Change Physical Footprint: Designator=P1 Old Footprint=JP8 New Footprint=JP8
Change Physical Footprint: Designator=P2 Old Footprint=JP2 New Footprint=JP2
Change Physical Footprint: Designator=R1 Old Footprint=RES-SM-0805 New Footprint=RES-SM-0805
Change Physical Footprint: Designator=R2 Old Footprint=RES-SM-0805 New Footprint=RES-SM-0805
Change Physical Footprint: Designator=R3 Old Footprint=RES-SM-0805 New Footprint=RES-SM-0805
Change Physical Footprint: Designator=R4 Old Footprint=RES-SM-0805 New Footprint=RES-SM-0805
Change Physical Footprint: Designator=R5 Old Footprint=RES-SM-0805 New Footprint=RES-SM-0805
Change Physical Footprint: Designator=R6 Old Footprint=RES-SM-0805 New Footprint=RES-SM-0805
Change Physical Footprint: Designator=R7 Old Footprint=RES-SM-0805 New Footprint=RES-SM-0805
Change Physical Footprint: Designator=R8 Old Footprint=RES-SM-0805 New Footprint=RES-SM-0805
Change Physical Footprint: Designator=R9 Old Footprint=RES-SM-0805 New Footprint=RES-SM-0805
Change Physical Footprint: Designator=R10 Old Footprint=RES-SM-0805 New Footprint=RES-SM-0805
Change Physical Footprint: Designator=R11 Old Footprint=RES-SM-0805 New Footprint=RES-SM-0805
Change Physical Footprint: Designator=R12 Old Footprint=RES-SM-0805 New Footprint=RES-SM-0805
Change Physical Footprint: Designator=R13 Old Footprint=RES-SM-0805 New Footprint=RES-SM-0805
Change Physical Footprint: Designator=R14 Old Footprint=RES-SM-0805 New Footprint=RES-SM-0805
Change Physical Footprint: Designator=R15 Old Footprint=RES-SM-0805 New Footprint=RES-SM-0805
Change Physical Footprint: Designator=R16 Old Footprint=RES-SM-0805 New Footprint=RES-SM-0805
Change Physical Footprint: Designator=R17 Old Footprint=RES-SM-0805 New Footprint=RES-SM-0805
Change Physical Footprint: Designator=R18 Old Footprint=RES-SM-0805 New Footprint=RES-SM-0805
Change Physical Footprint: Designator=R19 Old Footprint=RES-SM-0805 New Footprint=RES-SM-0805
Change Physical Footprint: Designator=R20 Old Footprint=RES-SM-0805 New Footprint=RES-SM-0805
Change Physical Footprint: Designator=R21 Old Footprint=RES-SM-0805 New Footprint=RES-SM-0805
Change Physical Footprint: Designator=R22 Old Footprint=RES-SM-0805 New Footprint=RES-SM-0805
Change Physical Footprint: Designator=R23 Old Footprint=RES-SM-0805 New Footprint=RES-SM-0805
Change Physical Footprint: Designator=R24 Old Footprint=RES-SM-0805 New Footprint=RES-SM-0805
Change Physical Footprint: Designator=R25 Old Footprint=RES-SM-0805 New Footprint=RES-SM-0805
Change Physical Footprint: Designator=R26 Old Footprint=RES-SM-0805 New Footprint=RES-SM-0805
Change Physical Footprint: Designator=R27 Old Footprint=RES-SM-0805 New Footprint=RES-SM-0805
Change Physical Footprint: Designator=R28 Old Footprint=RES-SM-0805 New Footprint=RES-SM-0805
Change Physical Footprint: Designator=R29 Old Footprint=RES-SM-0805 New Footprint=RES-SM-0805
Change Physical Footprint: Designator=R30 Old Footprint=RES-SM-0805 New Footprint=RES-SM-0805
Change Physical Footprint: Designator=R31 Old Footprint=RES-SM-0805 New Footprint=RES-SM-0805
Change Physical Footprint: Designator=R32 Old Footprint=RES-SM-0805 New Footprint=RES-SM-0805
Change Physical Footprint: Designator=R33 Old Footprint=RES-SM-0805 New Footprint=RES-SM-0805
Change Physical Footprint: Designator=R34 Old Footprint=RES-SM-0805 New Footprint=RES-SM-0805
Change Physical Footprint: Designator=R35 Old Footprint=RES-SM-0805 New Footprint=RES-SM-0805
Change Physical Footprint: Designator=R36 Old Footprint=RES-SM-0805 New Footprint=RES-SM-0805
Change Physical Footprint: Designator=R37 Old Footprint=RES-SM-0805 New Footprint=RES-SM-0805
Change Physical Footprint: Designator=R38 Old Footprint=RES-SM-0805 New Footprint=RES-SM-0805
Change Physical Footprint: Designator=R39 Old Footprint=RES-SM-0805 New Footprint=RES-SM-0805
Change Physical Footprint: Designator=U1 Old Footprint=74LS48 New Footprint=74LS48
Change Physical Footprint: Designator=U2 Old Footprint=74LS48 New Footprint=74LS48
Change Physical Footprint: Designator=U3 Old Footprint=74LS48 New Footprint=74LS48
Change Physical Footprint: Designator=U4 Old Footprint=74LS48 New Footprint=74LS48
Change Physical Footprint: Designator=U5 Old Footprint=BUCK MINI560 New Footprint=BUCK MINI560
