Change component parameters: Designator = "R1" ("R1"); Footprint = "RES 1/2W"; UniqueID = "\HNDLACST" ("\HNDLACST")
Change component parameters (AddParameter): Name = "Value"; Value = "1K"; VariantName = "[No Variations]"
Change component parameters: Designator = "R2" ("R2"); Footprint = "RES 1/2W"; UniqueID = "\JQMEBTEJ" ("\JQMEBTEJ")
Change component parameters (AddParameter): Name = "Value"; Value = "1K"; VariantName = "[No Variations]"
Change component parameters: Designator = "R3" ("R3"); Footprint = "RES 1/2W"; UniqueID = "\MDUNNRTJ" ("\MDUNNRTJ")
Change component parameters (AddParameter): Name = "Value"; Value = "1K"; VariantName = "[No Variations]"
Change component parameters: Designator = "R4" ("R4"); Footprint = "RES 1/2W"; UniqueID = "\CIODGKFJ" ("\CIODGKFJ")
Change component parameters (AddParameter): Name = "Value"; Value = "1K"; VariantName = "[No Variations]"
Change component parameters: Designator = "R5" ("R5"); Footprint = "RES 1/2W"; UniqueID = "\WJXGEJUG" ("\WJXGEJUG")
Change component parameters (AddParameter): Name = "Value"; Value = "1K"; VariantName = "[No Variations]"
Change component parameters: Designator = "R6" ("R6"); Footprint = "RES 1/2W"; UniqueID = "\OCRMXXGW" ("\OCRMXXGW")
Change component parameters (AddParameter): Name = "Value"; Value = "1K"; VariantName = "[No Variations]"
Change component parameters: Designator = "R7" ("R7"); Footprint = "RES 1/2W"; UniqueID = "\KHEBNLBM" ("\KHEBNLBM")
Change component parameters (AddParameter): Name = "Value"; Value = "1K"; VariantName = "[No Variations]"
Change component parameters: Designator = "R8" ("R8"); Footprint = "RES 1/2W"; UniqueID = "\WUDMEZDR" ("\WUDMEZDR")
Change component parameters (AddParameter): Name = "Value"; Value = "1K"; VariantName = "[No Variations]"
Change component parameters: Designator = "R9" ("R9"); Footprint = "RES 1/2W"; UniqueID = "\MIYRNBBE" ("\MIYRNBBE")
Change component parameters (AddParameter): Name = "Value"; Value = "1K"; VariantName = "[No Variations]"
Change component parameters: Designator = "R10" ("R10"); Footprint = "RES 1/2W"; UniqueID = "\NGHSHFZX" ("\NGHSHFZX")
Change component parameters (AddParameter): Name = "Value"; Value = "1K"; VariantName = "[No Variations]"
Change component parameters: Designator = "R11" ("R11"); Footprint = "RES 1/2W"; UniqueID = "\KHLOKTIY" ("\KHLOKTIY")
Change component parameters (AddParameter): Name = "Value"; Value = "1K"; VariantName = "[No Variations]"
Change component parameters: Designator = "R12" ("R12"); Footprint = "RES 1/2W"; UniqueID = "\LDXYXFLM" ("\LDXYXFLM")
Change component parameters (AddParameter): Name = "Value"; Value = "1K"; VariantName = "[No Variations]"
Change component parameters: Designator = "R13" ("R13"); Footprint = "RES 1/2W"; UniqueID = "\LUQXZOSA" ("\LUQXZOSA")
Change component parameters (AddParameter): Name = "Value"; Value = "1K"; VariantName = "[No Variations]"
Change component parameters: Designator = "R14" ("R14"); Footprint = "RES 1/2W"; UniqueID = "\PJSQWHGH" ("\PJSQWHGH")
Change component parameters (AddParameter): Name = "Value"; Value = "1K"; VariantName = "[No Variations]"
Change component parameters: Designator = "R15" ("R15"); Footprint = "RES 1/2W"; UniqueID = "\VYHZWZJM" ("\VYHZWZJM")
Change component parameters (AddParameter): Name = "Value"; Value = "1K"; VariantName = "[No Variations]"
Change component parameters: Designator = "R16" ("R16"); Footprint = "RES 1/2W"; UniqueID = "\JXTDVQLQ" ("\JXTDVQLQ")
Change component parameters (AddParameter): Name = "Value"; Value = "1K"; VariantName = "[No Variations]"
