Added Component: Designator=C1(CP1/2)
Add component (AddParameter): Name = "Value"; Value = "4.7uF"; VariantName = "[No Variations]"
Added Component: Designator=D1(LED-3mm)
Added Component: Designator=D2(LED-3mm)
Added Component: Designator=D3(7-SEGMENT)
Added Component: Designator=D4(7-SEGMENT)
Added Component: Designator=D5(7-SEGMENT)
Added Component: Designator=D6(7-SEGMENT)
Added Component: Designator=D7(SS34)
Add component (AddParameter): Name = "Code_JEDEC"; Value = "DO-214-AA"; VariantName = "[No Variations]"
Add component (AddParameter): Name = "LatestRevisionDate"; Value = "17-Jul-2002"; VariantName = "[No Variations]"
Add component (AddParameter): Name = "LatestRevisionNote"; Value = "Re-released for DXP Platform."; VariantName = "[No Variations]"
Add component (AddParameter): Name = "PackageDescription"; Value = "DO-214-AA/SMB; 2 C-Bend Leads; Body 5.3 x 3.6 mm, inc. leads (LxW)"; VariantName = "[No Variations]"
Add component (AddParameter): Name = "PackageReference"; Value = "SMB"; VariantName = "[No Variations]"
Add component (AddParameter): Name = "Published"; Value = "8-Jun-2000"; VariantName = "[No Variations]"
Add component (AddParameter): Name = "Publisher"; Value = "Altium Limited"; VariantName = "[No Variations]"
Add component (AddParameter): Name = "Supplier 1"; Value = "Arrow Electronics"; VariantName = "[No Variations]"
Add component (AddParameter): Name = "Supplier 2"; Value = "RSComponents"; VariantName = "[No Variations]"
Add component (AddParameter): Name = "Supplier Part Number 1"; Value = "SS14"; VariantName = "[No Variations]"
Add component (AddParameter): Name = "Supplier Part Number 2"; Value = "8080433"; VariantName = "[No Variations]"
Added Component: Designator=H1(LO KHOAN 3MM)
Added Component: Designator=H2(LO KHOAN 3MM)
Added Component: Designator=H3(LO KHOAN 3MM)
Added Component: Designator=H4(LO KHOAN 3MM)
Added Component: Designator=IC1(DIP8/W0.3)
Add component (AddParameter): Name = "Value"; Value = "LM555"; VariantName = "[No Variations]"
Added Component: Designator=JDC1(DC-IN)
Add component (AddParameter): Name = "Value"; Value = "Jac DC"; VariantName = "[No Variations]"
Added Component: Designator=LOGO1(PIF LOGO BIG TOP)
Added Component: Designator=P1(JP8)
Add component (AddParameter): Name = "LatestRevisionDate"; Value = "17-Jul-2002"; VariantName = "[No Variations]"
Add component (AddParameter): Name = "LatestRevisionNote"; Value = "Re-released for DXP Platform."; VariantName = "[No Variations]"
Add component (AddParameter): Name = "Publisher"; Value = "Altium Limited"; VariantName = "[No Variations]"
Added Component: Designator=P2(JP2)
Add component (AddParameter): Name = "LatestRevisionDate"; Value = "17-Jul-2002"; VariantName = "[No Variations]"
Add component (AddParameter): Name = "LatestRevisionNote"; Value = "Re-released for DXP Platform."; VariantName = "[No Variations]"
Add component (AddParameter): Name = "Publisher"; Value = "Altium Limited"; VariantName = "[No Variations]"
Added Component: Designator=R1(RES-SM-0805)
Add component (AddParameter): Name = "Value"; Value = "1K"; VariantName = "[No Variations]"
Added Component: Designator=R2(RES-SM-0805)
Add component (AddParameter): Name = "Value"; Value = "1K"; VariantName = "[No Variations]"
Added Component: Designator=R3(RES-SM-0805)
Add component (AddParameter): Name = "Value"; Value = "470K"; VariantName = "[No Variations]"
Added Component: Designator=R4(RES-SM-0805)
Add component (AddParameter): Name = "Value"; Value = "100"; VariantName = "[No Variations]"
Added Component: Designator=R5(RES-SM-0805)
Add component (AddParameter): Name = "Value"; Value = "100"; VariantName = "[No Variations]"
Added Component: Designator=R6(RES-SM-0805)
Add component (AddParameter): Name = "Value"; Value = "100"; VariantName = "[No Variations]"
Added Component: Designator=R7(RES-SM-0805)
Add component (AddParameter): Name = "Value"; Value = "100"; VariantName = "[No Variations]"
Added Component: Designator=R8(RES-SM-0805)
Add component (AddParameter): Name = "Value"; Value = "100"; VariantName = "[No Variations]"
Added Component: Designator=R9(RES-SM-0805)
Add component (AddParameter): Name = "Value"; Value = "100"; VariantName = "[No Variations]"
Added Component: Designator=R10(RES-SM-0805)
Add component (AddParameter): Name = "Value"; Value = "100"; VariantName = "[No Variations]"
Added Component: Designator=R11(RES-SM-0805)
Add component (AddParameter): Name = "Value"; Value = "100"; VariantName = "[No Variations]"
Added Component: Designator=R12(RES-SM-0805)
Add component (AddParameter): Name = "Value"; Value = "100"; VariantName = "[No Variations]"
Added Component: Designator=R13(RES-SM-0805)
Add component (AddParameter): Name = "Value"; Value = "100"; VariantName = "[No Variations]"
Added Component: Designator=R14(RES-SM-0805)
Add component (AddParameter): Name = "Value"; Value = "100"; VariantName = "[No Variations]"
Added Component: Designator=R15(RES-SM-0805)
Add component (AddParameter): Name = "Value"; Value = "100"; VariantName = "[No Variations]"
Added Component: Designator=R16(RES-SM-0805)
Add component (AddParameter): Name = "Value"; Value = "100"; VariantName = "[No Variations]"
Added Component: Designator=R17(RES-SM-0805)
Add component (AddParameter): Name = "Value"; Value = "100"; VariantName = "[No Variations]"
Added Component: Designator=R18(RES-SM-0805)
Add component (AddParameter): Name = "Value"; Value = "100"; VariantName = "[No Variations]"
Added Component: Designator=R19(RES-SM-0805)
Add component (AddParameter): Name = "Value"; Value = "100"; VariantName = "[No Variations]"
Added Component: Designator=R20(RES-SM-0805)
Add component (AddParameter): Name = "Value"; Value = "100"; VariantName = "[No Variations]"
Added Component: Designator=R21(RES-SM-0805)
Add component (AddParameter): Name = "Value"; Value = "100"; VariantName = "[No Variations]"
Added Component: Designator=R22(RES-SM-0805)
Add component (AddParameter): Name = "Value"; Value = "100"; VariantName = "[No Variations]"
Added Component: Designator=R23(RES-SM-0805)
Add component (AddParameter): Name = "Value"; Value = "100"; VariantName = "[No Variations]"
Added Component: Designator=R24(RES-SM-0805)
Add component (AddParameter): Name = "Value"; Value = "100"; VariantName = "[No Variations]"
Added Component: Designator=R25(RES-SM-0805)
Add component (AddParameter): Name = "Value"; Value = "100"; VariantName = "[No Variations]"
Added Component: Designator=R26(RES-SM-0805)
Add component (AddParameter): Name = "Value"; Value = "100"; VariantName = "[No Variations]"
Added Component: Designator=R27(RES-SM-0805)
Add component (AddParameter): Name = "Value"; Value = "100"; VariantName = "[No Variations]"
Added Component: Designator=R28(RES-SM-0805)
Add component (AddParameter): Name = "Value"; Value = "100"; VariantName = "[No Variations]"
Added Component: Designator=R29(RES-SM-0805)
Add component (AddParameter): Name = "Value"; Value = "100"; VariantName = "[No Variations]"
Added Component: Designator=R30(RES-SM-0805)
Add component (AddParameter): Name = "Value"; Value = "100"; VariantName = "[No Variations]"
Added Component: Designator=R31(RES-SM-0805)
Add component (AddParameter): Name = "Value"; Value = "100"; VariantName = "[No Variations]"
Added Component: Designator=R32(RES-SM-0805)
Add component (AddParameter): Name = "Value"; Value = "10K"; VariantName = "[No Variations]"
Added Component: Designator=R33(RES-SM-0805)
Add component (AddParameter): Name = "Value"; Value = "10K"; VariantName = "[No Variations]"
Added Component: Designator=R34(RES-SM-0805)
Add component (AddParameter): Name = "Value"; Value = "10K"; VariantName = "[No Variations]"
Added Component: Designator=R35(RES-SM-0805)
Add component (AddParameter): Name = "Value"; Value = "10K"; VariantName = "[No Variations]"
Added Component: Designator=R36(RES-SM-0805)
Add component (AddParameter): Name = "Value"; Value = "10K"; VariantName = "[No Variations]"
Added Component: Designator=R37(RES-SM-0805)
Add component (AddParameter): Name = "Value"; Value = "10K"; VariantName = "[No Variations]"
Added Component: Designator=R38(RES-SM-0805)
Add component (AddParameter): Name = "Value"; Value = "10K"; VariantName = "[No Variations]"
Added Component: Designator=R39(RES-SM-0805)
Add component (AddParameter): Name = "Value"; Value = "10K"; VariantName = "[No Variations]"
Added Component: Designator=U1(74LS48)
Added Component: Designator=U2(74LS48)
Added Component: Designator=U3(74LS48)
Added Component: Designator=U4(74LS48)
Added Component: Designator=U5(BUCK MINI560)
Added Pin To Net: NetName=NetC1_1 Pin=C1-1
Added Pin To Net: NetName=GND Pin=C1-2
Added Pin To Net: NetName=NetD1_1 Pin=D1-1
Added Pin To Net: NetName=GND Pin=D1-2
Added Pin To Net: NetName=NetD1_1 Pin=D2-1
Added Pin To Net: NetName=GND Pin=D2-2
Added Pin To Net: NetName=GND Pin=D3-1
Added Pin To Net: NetName=NetD3_2 Pin=D3-2
Added Pin To Net: NetName=NetD3_3 Pin=D3-3
Added Pin To Net: NetName=NetD3_4 Pin=D3-4
Added Pin To Net: NetName=GND Pin=D3-5
Added Pin To Net: NetName=NetD3_6 Pin=D3-6
Added Pin To Net: NetName=NetD3_7 Pin=D3-7
Added Pin To Net: NetName=NetD3_9 Pin=D3-9
Added Pin To Net: NetName=NetD3_10 Pin=D3-10
Added Pin To Net: NetName=GND Pin=D4-1
Added Pin To Net: NetName=NetD4_2 Pin=D4-2
Added Pin To Net: NetName=NetD4_3 Pin=D4-3
Added Pin To Net: NetName=NetD4_4 Pin=D4-4
Added Pin To Net: NetName=GND Pin=D4-5
Added Pin To Net: NetName=NetD4_6 Pin=D4-6
Added Pin To Net: NetName=NetD4_7 Pin=D4-7
Added Pin To Net: NetName=NetD4_9 Pin=D4-9
Added Pin To Net: NetName=NetD4_10 Pin=D4-10
Added Pin To Net: NetName=GND Pin=D5-1
Added Pin To Net: NetName=NetD5_2 Pin=D5-2
Added Pin To Net: NetName=NetD5_3 Pin=D5-3
Added Pin To Net: NetName=NetD5_4 Pin=D5-4
Added Pin To Net: NetName=GND Pin=D5-5
Added Pin To Net: NetName=NetD5_6 Pin=D5-6
Added Pin To Net: NetName=NetD5_7 Pin=D5-7
Added Pin To Net: NetName=NetD5_9 Pin=D5-9
Added Pin To Net: NetName=NetD5_10 Pin=D5-10
Added Pin To Net: NetName=GND Pin=D6-1
Added Pin To Net: NetName=NetD6_2 Pin=D6-2
Added Pin To Net: NetName=NetD6_3 Pin=D6-3
Added Pin To Net: NetName=NetD6_4 Pin=D6-4
Added Pin To Net: NetName=GND Pin=D6-5
Added Pin To Net: NetName=NetD6_6 Pin=D6-6
Added Pin To Net: NetName=NetD6_7 Pin=D6-7
Added Pin To Net: NetName=NetD6_9 Pin=D6-9
Added Pin To Net: NetName=NetD6_10 Pin=D6-10
Added Pin To Net: NetName=VCC7-20V Pin=D7-A
Added Pin To Net: NetName=NetD7_K Pin=D7-K
Added Pin To Net: NetName=GND Pin=IC1-1
Added Pin To Net: NetName=NetC1_1 Pin=IC1-2
Added Pin To Net: NetName=NetIC1_3 Pin=IC1-3
Added Pin To Net: NetName=+5 Pin=IC1-4
Added Pin To Net: NetName=NetC1_1 Pin=IC1-6
Added Pin To Net: NetName=NetIC1_7 Pin=IC1-7
Added Pin To Net: NetName=+5 Pin=IC1-8
Added Pin To Net: NetName=VCC7-20V Pin=JDC1-1
Added Pin To Net: NetName=GND Pin=JDC1-2
Added Pin To Net: NetName=NetP1_1 Pin=P1-1
Added Pin To Net: NetName=NetP1_2 Pin=P1-2
Added Pin To Net: NetName=NetP1_3 Pin=P1-3
Added Pin To Net: NetName=NetP1_4 Pin=P1-4
Added Pin To Net: NetName=NetP1_5 Pin=P1-5
Added Pin To Net: NetName=NetP1_6 Pin=P1-6
Added Pin To Net: NetName=NetP1_7 Pin=P1-7
Added Pin To Net: NetName=NetP1_8 Pin=P1-8
Added Pin To Net: NetName=+5 Pin=P2-1
Added Pin To Net: NetName=GND Pin=P2-2
Added Pin To Net: NetName=NetIC1_7 Pin=R1-1
Added Pin To Net: NetName=+5 Pin=R1-2
Added Pin To Net: NetName=NetIC1_3 Pin=R2-1
Added Pin To Net: NetName=NetD1_1 Pin=R2-2
Added Pin To Net: NetName=NetC1_1 Pin=R3-1
Added Pin To Net: NetName=NetIC1_7 Pin=R3-2
Added Pin To Net: NetName=NetD3_10 Pin=R4-1
Added Pin To Net: NetName=NetR4_2 Pin=R4-2
Added Pin To Net: NetName=NetD3_9 Pin=R5-1
Added Pin To Net: NetName=NetR5_2 Pin=R5-2
Added Pin To Net: NetName=NetD3_2 Pin=R6-1
Added Pin To Net: NetName=NetR6_2 Pin=R6-2
Added Pin To Net: NetName=NetD3_3 Pin=R7-1
Added Pin To Net: NetName=NetR7_2 Pin=R7-2
Added Pin To Net: NetName=NetD3_4 Pin=R8-1
Added Pin To Net: NetName=NetR8_2 Pin=R8-2
Added Pin To Net: NetName=NetD3_6 Pin=R9-1
Added Pin To Net: NetName=NetR9_2 Pin=R9-2
Added Pin To Net: NetName=NetD3_7 Pin=R10-1
Added Pin To Net: NetName=NetR10_2 Pin=R10-2
Added Pin To Net: NetName=NetD4_10 Pin=R11-1
Added Pin To Net: NetName=NetR11_2 Pin=R11-2
Added Pin To Net: NetName=NetD4_9 Pin=R12-1
Added Pin To Net: NetName=NetR12_2 Pin=R12-2
Added Pin To Net: NetName=NetD4_2 Pin=R13-1
Added Pin To Net: NetName=NetR13_2 Pin=R13-2
Added Pin To Net: NetName=NetD4_3 Pin=R14-1
Added Pin To Net: NetName=NetR14_2 Pin=R14-2
Added Pin To Net: NetName=NetD4_4 Pin=R15-1
Added Pin To Net: NetName=NetR15_2 Pin=R15-2
Added Pin To Net: NetName=NetD4_6 Pin=R16-1
Added Pin To Net: NetName=NetR16_2 Pin=R16-2
Added Pin To Net: NetName=NetD4_7 Pin=R17-1
Added Pin To Net: NetName=NetR17_2 Pin=R17-2
Added Pin To Net: NetName=NetD5_10 Pin=R18-1
Added Pin To Net: NetName=NetR18_2 Pin=R18-2
Added Pin To Net: NetName=NetD5_9 Pin=R19-1
Added Pin To Net: NetName=NetR19_2 Pin=R19-2
Added Pin To Net: NetName=NetD5_2 Pin=R20-1
Added Pin To Net: NetName=NetR20_2 Pin=R20-2
Added Pin To Net: NetName=NetD5_3 Pin=R21-1
Added Pin To Net: NetName=NetR21_2 Pin=R21-2
Added Pin To Net: NetName=NetD5_4 Pin=R22-1
Added Pin To Net: NetName=NetR22_2 Pin=R22-2
Added Pin To Net: NetName=NetD5_6 Pin=R23-1
Added Pin To Net: NetName=NetR23_2 Pin=R23-2
Added Pin To Net: NetName=NetD5_7 Pin=R24-1
Added Pin To Net: NetName=NetR24_2 Pin=R24-2
Added Pin To Net: NetName=NetD6_10 Pin=R25-1
Added Pin To Net: NetName=NetR25_2 Pin=R25-2
Added Pin To Net: NetName=NetD6_9 Pin=R26-1
Added Pin To Net: NetName=NetR26_2 Pin=R26-2
Added Pin To Net: NetName=NetD6_2 Pin=R27-1
Added Pin To Net: NetName=NetR27_2 Pin=R27-2
Added Pin To Net: NetName=NetD6_3 Pin=R28-1
Added Pin To Net: NetName=NetR28_2 Pin=R28-2
Added Pin To Net: NetName=NetD6_4 Pin=R29-1
Added Pin To Net: NetName=NetR29_2 Pin=R29-2
Added Pin To Net: NetName=NetD6_6 Pin=R30-1
Added Pin To Net: NetName=NetR30_2 Pin=R30-2
Added Pin To Net: NetName=NetD6_7 Pin=R31-1
Added Pin To Net: NetName=NetR31_2 Pin=R31-2
Added Pin To Net: NetName=BIT_B Pin=R32-1
Added Pin To Net: NetName=NetP1_1 Pin=R32-2
Added Pin To Net: NetName=BIT_C Pin=R33-1
Added Pin To Net: NetName=NetP1_2 Pin=R33-2
Added Pin To Net: NetName=BIT_D Pin=R34-1
Added Pin To Net: NetName=NetP1_3 Pin=R34-2
Added Pin To Net: NetName=BIT_A Pin=R35-1
Added Pin To Net: NetName=NetP1_4 Pin=R35-2
Added Pin To Net: NetName=DIGIT_1 Pin=R36-1
Added Pin To Net: NetName=NetP1_5 Pin=R36-2
Added Pin To Net: NetName=DIGIT_2 Pin=R37-1
Added Pin To Net: NetName=NetP1_6 Pin=R37-2
Added Pin To Net: NetName=DIGIT_3 Pin=R38-1
Added Pin To Net: NetName=NetP1_7 Pin=R38-2
Added Pin To Net: NetName=DIGIT_4 Pin=R39-1
Added Pin To Net: NetName=NetP1_8 Pin=R39-2
Added Pin To Net: NetName=BIT_B Pin=U1-1
Added Pin To Net: NetName=BIT_C Pin=U1-2
Added Pin To Net: NetName=DIGIT_1 Pin=U1-4
Added Pin To Net: NetName=BIT_D Pin=U1-6
Added Pin To Net: NetName=BIT_A Pin=U1-7
Added Pin To Net: NetName=GND Pin=U1-8
Added Pin To Net: NetName=NetR6_2 Pin=U1-9
Added Pin To Net: NetName=NetR7_2 Pin=U1-10
Added Pin To Net: NetName=NetR8_2 Pin=U1-11
Added Pin To Net: NetName=NetR9_2 Pin=U1-12
Added Pin To Net: NetName=NetR10_2 Pin=U1-13
Added Pin To Net: NetName=NetR4_2 Pin=U1-14
Added Pin To Net: NetName=NetR5_2 Pin=U1-15
Added Pin To Net: NetName=+5 Pin=U1-16
Added Pin To Net: NetName=BIT_B Pin=U2-1
Added Pin To Net: NetName=BIT_C Pin=U2-2
Added Pin To Net: NetName=DIGIT_2 Pin=U2-4
Added Pin To Net: NetName=BIT_D Pin=U2-6
Added Pin To Net: NetName=BIT_A Pin=U2-7
Added Pin To Net: NetName=GND Pin=U2-8
Added Pin To Net: NetName=NetR13_2 Pin=U2-9
Added Pin To Net: NetName=NetR14_2 Pin=U2-10
Added Pin To Net: NetName=NetR15_2 Pin=U2-11
Added Pin To Net: NetName=NetR16_2 Pin=U2-12
Added Pin To Net: NetName=NetR17_2 Pin=U2-13
Added Pin To Net: NetName=NetR11_2 Pin=U2-14
Added Pin To Net: NetName=NetR12_2 Pin=U2-15
Added Pin To Net: NetName=+5 Pin=U2-16
Added Pin To Net: NetName=BIT_B Pin=U3-1
Added Pin To Net: NetName=BIT_C Pin=U3-2
Added Pin To Net: NetName=DIGIT_3 Pin=U3-4
Added Pin To Net: NetName=BIT_D Pin=U3-6
Added Pin To Net: NetName=BIT_A Pin=U3-7
Added Pin To Net: NetName=GND Pin=U3-8
Added Pin To Net: NetName=NetR20_2 Pin=U3-9
Added Pin To Net: NetName=NetR21_2 Pin=U3-10
Added Pin To Net: NetName=NetR22_2 Pin=U3-11
Added Pin To Net: NetName=NetR23_2 Pin=U3-12
Added Pin To Net: NetName=NetR24_2 Pin=U3-13
Added Pin To Net: NetName=NetR18_2 Pin=U3-14
Added Pin To Net: NetName=NetR19_2 Pin=U3-15
Added Pin To Net: NetName=+5 Pin=U3-16
Added Pin To Net: NetName=BIT_B Pin=U4-1
Added Pin To Net: NetName=BIT_C Pin=U4-2
Added Pin To Net: NetName=DIGIT_4 Pin=U4-4
Added Pin To Net: NetName=BIT_D Pin=U4-6
Added Pin To Net: NetName=BIT_A Pin=U4-7
Added Pin To Net: NetName=GND Pin=U4-8
Added Pin To Net: NetName=NetR27_2 Pin=U4-9
Added Pin To Net: NetName=NetR28_2 Pin=U4-10
Added Pin To Net: NetName=NetR29_2 Pin=U4-11
Added Pin To Net: NetName=NetR30_2 Pin=U4-12
Added Pin To Net: NetName=NetR31_2 Pin=U4-13
Added Pin To Net: NetName=NetR25_2 Pin=U4-14
Added Pin To Net: NetName=NetR26_2 Pin=U4-15
Added Pin To Net: NetName=+5 Pin=U4-16
Added Pin To Net: NetName=NetD7_K Pin=U5-1
Added Pin To Net: NetName=GND Pin=U5-2
Added Pin To Net: NetName=GND Pin=U5-3
Added Pin To Net: NetName=+5 Pin=U5-4
Added Member To Class: ClassName=7-SEGMENT_DISPLAY_4_DIGITS Member=Component C1 Cap Pol
Added Member To Class: ClassName=7-SEGMENT_DISPLAY_4_DIGITS Member=Component D1 LED
Added Member To Class: ClassName=7-SEGMENT_DISPLAY_4_DIGITS Member=Component D2 LED
Added Member To Class: ClassName=7-SEGMENT_DISPLAY_4_DIGITS Member=Component D3 7-SEGMENT DISPLAY
Added Member To Class: ClassName=7-SEGMENT_DISPLAY_4_DIGITS Member=Component D4 7-SEGMENT DISPLAY
Added Member To Class: ClassName=7-SEGMENT_DISPLAY_4_DIGITS Member=Component D5 7-SEGMENT DISPLAY
Added Member To Class: ClassName=7-SEGMENT_DISPLAY_4_DIGITS Member=Component D6 7-SEGMENT DISPLAY
Added Member To Class: ClassName=7-SEGMENT_DISPLAY_4_DIGITS Member=Component D7 D Schottky
Added Member To Class: ClassName=7-SEGMENT_DISPLAY_4_DIGITS Member=Component H1 Hole
Added Member To Class: ClassName=7-SEGMENT_DISPLAY_4_DIGITS Member=Component H2 Hole
Added Member To Class: ClassName=7-SEGMENT_DISPLAY_4_DIGITS Member=Component H3 Hole
Added Member To Class: ClassName=7-SEGMENT_DISPLAY_4_DIGITS Member=Component H4 Hole
Added Member To Class: ClassName=7-SEGMENT_DISPLAY_4_DIGITS Member=Component IC1 LM555
Added Member To Class: ClassName=7-SEGMENT_DISPLAY_4_DIGITS Member=Component JDC1 Jack DC
Added Member To Class: ClassName=7-SEGMENT_DISPLAY_4_DIGITS Member=Component LOGO1 LOGO PIF
Added Member To Class: ClassName=7-SEGMENT_DISPLAY_4_DIGITS Member=Component P1 Header 8
Added Member To Class: ClassName=7-SEGMENT_DISPLAY_4_DIGITS Member=Component P2 Header 2
Added Member To Class: ClassName=7-SEGMENT_DISPLAY_4_DIGITS Member=Component R1 RESISTOR SMD
Added Member To Class: ClassName=7-SEGMENT_DISPLAY_4_DIGITS Member=Component R2 RESISTOR SMD
Added Member To Class: ClassName=7-SEGMENT_DISPLAY_4_DIGITS Member=Component R3 RESISTOR SMD
Added Member To Class: ClassName=7-SEGMENT_DISPLAY_4_DIGITS Member=Component R4 RESISTOR SMD
Added Member To Class: ClassName=7-SEGMENT_DISPLAY_4_DIGITS Member=Component R5 RESISTOR SMD
Added Member To Class: ClassName=7-SEGMENT_DISPLAY_4_DIGITS Member=Component R6 RESISTOR SMD
Added Member To Class: ClassName=7-SEGMENT_DISPLAY_4_DIGITS Member=Component R7 RESISTOR SMD
Added Member To Class: ClassName=7-SEGMENT_DISPLAY_4_DIGITS Member=Component R8 RESISTOR SMD
Added Member To Class: ClassName=7-SEGMENT_DISPLAY_4_DIGITS Member=Component R9 RESISTOR SMD
Added Member To Class: ClassName=7-SEGMENT_DISPLAY_4_DIGITS Member=Component R10 RESISTOR SMD
Added Member To Class: ClassName=7-SEGMENT_DISPLAY_4_DIGITS Member=Component R11 RESISTOR SMD
Added Member To Class: ClassName=7-SEGMENT_DISPLAY_4_DIGITS Member=Component R12 RESISTOR SMD
Added Member To Class: ClassName=7-SEGMENT_DISPLAY_4_DIGITS Member=Component R13 RESISTOR SMD
Added Member To Class: ClassName=7-SEGMENT_DISPLAY_4_DIGITS Member=Component R14 RESISTOR SMD
Added Member To Class: ClassName=7-SEGMENT_DISPLAY_4_DIGITS Member=Component R15 RESISTOR SMD
Added Member To Class: ClassName=7-SEGMENT_DISPLAY_4_DIGITS Member=Component R16 RESISTOR SMD
Added Member To Class: ClassName=7-SEGMENT_DISPLAY_4_DIGITS Member=Component R17 RESISTOR SMD
Added Member To Class: ClassName=7-SEGMENT_DISPLAY_4_DIGITS Member=Component R18 RESISTOR SMD
Added Member To Class: ClassName=7-SEGMENT_DISPLAY_4_DIGITS Member=Component R19 RESISTOR SMD
Added Member To Class: ClassName=7-SEGMENT_DISPLAY_4_DIGITS Member=Component R20 RESISTOR SMD
Added Member To Class: ClassName=7-SEGMENT_DISPLAY_4_DIGITS Member=Component R21 RESISTOR SMD
Added Member To Class: ClassName=7-SEGMENT_DISPLAY_4_DIGITS Member=Component R22 RESISTOR SMD
Added Member To Class: ClassName=7-SEGMENT_DISPLAY_4_DIGITS Member=Component R23 RESISTOR SMD
Added Member To Class: ClassName=7-SEGMENT_DISPLAY_4_DIGITS Member=Component R24 RESISTOR SMD
Added Member To Class: ClassName=7-SEGMENT_DISPLAY_4_DIGITS Member=Component R25 RESISTOR SMD
Added Member To Class: ClassName=7-SEGMENT_DISPLAY_4_DIGITS Member=Component R26 RESISTOR SMD
Added Member To Class: ClassName=7-SEGMENT_DISPLAY_4_DIGITS Member=Component R27 RESISTOR SMD
Added Member To Class: ClassName=7-SEGMENT_DISPLAY_4_DIGITS Member=Component R28 RESISTOR SMD
Added Member To Class: ClassName=7-SEGMENT_DISPLAY_4_DIGITS Member=Component R29 RESISTOR SMD
Added Member To Class: ClassName=7-SEGMENT_DISPLAY_4_DIGITS Member=Component R30 RESISTOR SMD
Added Member To Class: ClassName=7-SEGMENT_DISPLAY_4_DIGITS Member=Component R31 RESISTOR SMD
Added Member To Class: ClassName=7-SEGMENT_DISPLAY_4_DIGITS Member=Component R32 RESISTOR SMD
Added Member To Class: ClassName=7-SEGMENT_DISPLAY_4_DIGITS Member=Component R33 RESISTOR SMD
Added Member To Class: ClassName=7-SEGMENT_DISPLAY_4_DIGITS Member=Component R34 RESISTOR SMD
Added Member To Class: ClassName=7-SEGMENT_DISPLAY_4_DIGITS Member=Component R35 RESISTOR SMD
Added Member To Class: ClassName=7-SEGMENT_DISPLAY_4_DIGITS Member=Component R36 RESISTOR SMD
Added Member To Class: ClassName=7-SEGMENT_DISPLAY_4_DIGITS Member=Component R37 RESISTOR SMD
Added Member To Class: ClassName=7-SEGMENT_DISPLAY_4_DIGITS Member=Component R38 RESISTOR SMD
Added Member To Class: ClassName=7-SEGMENT_DISPLAY_4_DIGITS Member=Component R39 RESISTOR SMD
Added Member To Class: ClassName=7-SEGMENT_DISPLAY_4_DIGITS Member=Component U1 74LS48
Added Member To Class: ClassName=7-SEGMENT_DISPLAY_4_DIGITS Member=Component U2 74LS48
Added Member To Class: ClassName=7-SEGMENT_DISPLAY_4_DIGITS Member=Component U3 74LS48
Added Member To Class: ClassName=7-SEGMENT_DISPLAY_4_DIGITS Member=Component U4 74LS48
Added Member To Class: ClassName=7-SEGMENT_DISPLAY_4_DIGITS Member=Component U5 BUCK MINI560
Added Room: Name=7-SEGMENT_DISPLAY_4_DIGITS
Added Room: Name=CONTROL-PANEL
